[{"line":1,"elements":[{"start_timestamp":"2024-06-11T13:25:04.096Z","before":[{"result":{"duration":6058792800,"status":"passed"},"match":{"location":"Hooks.MyHooks.setup()"}}],"line":3,"name":"Login with valid credentials","description":"","id":";login-with-valid-credentials","after":[{"result":{"duration":1011293400,"status":"passed"},"match":{"location":"Hooks.MyHooks.teardown()"}}],"type":"scenario","keyword":"Scenario","steps":[{"result":{"duration":660234600,"status":"passed"},"line":4,"name":"User navigates to login page","match":{"location":"StepDefination.Login.user_navigates_to_login_page()"},"keyword":"Given "},{"result":{"duration":356048100,"status":"passed"},"line":5,"name":"User enters valid email address \"himesh12@gmail.com\" into email field","match":{"arguments":[{"val":"\"himesh12@gmail.com\"","offset":32}],"location":"StepDefination.Login.user_enters_valid_email_address_into_email_field(java.lang.String)"},"keyword":"When "},{"result":{"duration":207443500,"status":"passed"},"line":6,"name":"User enters valid password \"Himesh@123\" into password field","match":{"arguments":[{"val":"\"Himesh@123\"","offset":27}],"location":"StepDefination.Login.user_enters_valid_password_into_password_field(java.lang.String)"},"keyword":"And "},{"result":{"duration":513627000,"status":"passed"},"line":7,"name":"User clicks on Login button","match":{"location":"StepDefination.Login.user_clicks_on_login_button()"},"keyword":"And "},{"result":{"error_message":"org.openqa.selenium.JavascriptException: javascript error: {\"status\":32,\"value\":\"Unable to locate an element with the xpath expression [contains(text(),'Edit your account information'))] because of the following error:\\nSyntaxError: Failed to execute 'evaluate' on 'Document': The string '[contains(text(),'Edit your account information'))]' is not a valid XPath expression.\"}\n  (Session info: chrome=125.0.6422.142)\nBuild info: version: '4.21.0', revision: '79ed462ef4'\nSystem info: os.name: 'Windows 11', os.arch: 'amd64', os.version: '10.0', java.version: '17.0.2'\nDriver info: org.openqa.selenium.chrome.ChromeDriver\nCommand: [05b94e5b0dc4987de90a398cdfa2cb57, findElement {value=[contains(text(),'Edit your account information'))], using=xpath}]\nCapabilities {acceptInsecureCerts: false, browserName: chrome, browserVersion: 125.0.6422.142, chrome: {chromedriverVersion: 125.0.6422.141 (4b1e8393712..., userDataDir: C:\\Users\\91955\\AppData\\Loca...}, fedcm:accounts: true, goog:chromeOptions: {debuggerAddress: localhost:62529}, networkConnectionEnabled: false, pageLoadStrategy: normal, platformName: windows, proxy: Proxy(), se:cdp: ws://localhost:62529/devtoo..., se:cdpVersion: 125.0.6422.142, setWindowRect: true, strictFileInteractability: false, timeouts: {implicit: 0, pageLoad: 300000, script: 30000}, unhandledPromptBehavior: dismiss and notify, webauthn:extension:credBlob: true, webauthn:extension:largeBlob: true, webauthn:extension:minPinLength: true, webauthn:extension:prf: true, webauthn:virtualAuthenticators: true}\nSession ID: 05b94e5b0dc4987de90a398cdfa2cb57\r\n\tat java.base/jdk.internal.reflect.NativeConstructorAccessorImpl.newInstance0(Native Method)\r\n\tat java.base/jdk.internal.reflect.NativeConstructorAccessorImpl.newInstance(NativeConstructorAccessorImpl.java:77)\r\n\tat java.base/jdk.internal.reflect.DelegatingConstructorAccessorImpl.newInstance(DelegatingConstructorAccessorImpl.java:45)\r\n\tat java.base/java.lang.reflect.Constructor.newInstanceWithCaller(Constructor.java:499)\r\n\tat java.base/java.lang.reflect.Constructor.newInstance(Constructor.java:480)\r\n\tat org.openqa.selenium.remote.ErrorCodec.decode(ErrorCodec.java:167)\r\n\tat org.openqa.selenium.remote.codec.w3c.W3CHttpResponseCodec.decode(W3CHttpResponseCodec.java:138)\r\n\tat org.openqa.selenium.remote.codec.w3c.W3CHttpResponseCodec.decode(W3CHttpResponseCodec.java:50)\r\n\tat org.openqa.selenium.remote.HttpCommandExecutor.execute(HttpCommandExecutor.java:190)\r\n\tat org.openqa.selenium.remote.service.DriverCommandExecutor.invokeExecute(DriverCommandExecutor.java:216)\r\n\tat org.openqa.selenium.remote.service.DriverCommandExecutor.execute(DriverCommandExecutor.java:174)\r\n\tat org.openqa.selenium.remote.RemoteWebDriver.execute(RemoteWebDriver.java:518)\r\n\tat org.openqa.selenium.remote.ElementLocation$ElementFinder$2.findElement(ElementLocation.java:165)\r\n\tat org.openqa.selenium.remote.ElementLocation.findElement(ElementLocation.java:59)\r\n\tat org.openqa.selenium.remote.RemoteWebDriver.findElement(RemoteWebDriver.java:355)\r\n\tat org.openqa.selenium.remote.RemoteWebDriver.findElement(RemoteWebDriver.java:349)\r\n\tat org.openqa.selenium.support.pagefactory.DefaultElementLocator.findElement(DefaultElementLocator.java:68)\r\n\tat org.openqa.selenium.support.pagefactory.internal.LocatingElementHandler.invoke(LocatingElementHandler.java:38)\r\n\tat jdk.proxy2/jdk.proxy2.$Proxy22.isDisplayed(Unknown Source)\r\n\tat Pages.AccountPage.displayStatusEditYourInformationoption(AccountPage.java:32)\r\n\tat StepDefination.Login.user_should_get_successfully_logged_in(Login.java:72)\r\n\tat ✽.User should get successfully Logged in(file:///D:/Cucumber_new_latestUpatedSeries_2023/CucumberHybridFrameworkArunMotri/CucumberBDDFrameworkArunMotri/src/test/Features/Login.feature:8)\r\n","duration":67819700,"status":"failed"},"line":8,"name":"User should get successfully Logged in","match":{"location":"StepDefination.Login.user_should_get_successfully_logged_in()"},"keyword":"Then "}]},{"start_timestamp":"2024-06-11T13:25:13.099Z","before":[{"result":{"duration":4514923900,"status":"passed"},"match":{"location":"Hooks.MyHooks.setup()"}}],"line":12,"name":"Login with invalid credentials","description":"","id":";login-with-invalid-credentials","after":[{"result":{"duration":640814800,"status":"passed"},"match":{"location":"Hooks.MyHooks.teardown()"}}],"type":"scenario","keyword":"Scenario","steps":[{"result":{"duration":670206700,"status":"passed"},"line":13,"name":"User navigates to login page","match":{"location":"StepDefination.Login.user_navigates_to_login_page()"},"keyword":"Given "},{"result":{"duration":609370300,"status":"passed"},"line":14,"name":"User enters invalid email address into email field","match":{"location":"StepDefination.Login.user_enters_invalid_email_address_into_email_field()"},"keyword":"When "},{"result":{"duration":208441700,"status":"passed"},"line":15,"name":"User enters invalid password \"1234567890\" into password field","match":{"arguments":[{"val":"\"1234567890\"","offset":29}],"location":"StepDefination.Login.user_enters_invalid_password_into_password_field(java.lang.String)"},"keyword":"And "},{"result":{"duration":417881900,"status":"passed"},"line":16,"name":"User clicks on Login button","match":{"location":"StepDefination.Login.user_clicks_on_login_button()"},"keyword":"And "},{"result":{"duration":86767500,"status":"passed"},"line":17,"name":"User should get a proper warning message about credentials mismatch","match":{"location":"StepDefination.Login.user_should_get_a_proper_warning_message_about_credentials_mismatch()"},"keyword":"Then "}]},{"start_timestamp":"2024-06-11T13:25:20.282Z","before":[{"result":{"duration":4860995700,"status":"passed"},"match":{"location":"Hooks.MyHooks.setup()"}}],"line":20,"name":"Login with invalid email and valid password","description":"","id":";login-with-invalid-email-and-valid-password","after":[{"result":{"duration":486698500,"status":"passed"},"match":{"location":"Hooks.MyHooks.teardown()"}}],"type":"scenario","keyword":"Scenario","steps":[{"result":{"duration":604383900,"status":"passed"},"line":21,"name":"User navigates to login page","match":{"location":"StepDefination.Login.user_navigates_to_login_page()"},"keyword":"Given "},{"result":{"duration":365024400,"status":"passed"},"line":22,"name":"User enters invalid email address into email field","match":{"location":"StepDefination.Login.user_enters_invalid_email_address_into_email_field()"},"keyword":"When "},{"result":{"duration":161568400,"status":"passed"},"line":23,"name":"User enters valid password \"12345\" into password field","match":{"arguments":[{"val":"\"12345\"","offset":27}],"location":"StepDefination.Login.user_enters_valid_password_into_password_field(java.lang.String)"},"keyword":"And "},{"result":{"duration":363030000,"status":"passed"},"line":24,"name":"User clicks on Login button","match":{"location":"StepDefination.Login.user_clicks_on_login_button()"},"keyword":"And "},{"result":{"duration":72805800,"status":"passed"},"line":25,"name":"User should get a proper warning message about credentials mismatch","match":{"location":"StepDefination.Login.user_should_get_a_proper_warning_message_about_credentials_mismatch()"},"keyword":"Then "}]},{"start_timestamp":"2024-06-11T13:25:27.231Z","before":[{"result":{"duration":3192460200,"status":"passed"},"match":{"location":"Hooks.MyHooks.setup()"}}],"line":28,"name":"Login with valid email and invalid password","description":"","id":";login-with-valid-email-and-invalid-password","after":[{"result":{"duration":484703500,"status":"passed"},"match":{"location":"Hooks.MyHooks.teardown()"}}],"type":"scenario","keyword":"Scenario","steps":[{"result":{"duration":1236692800,"status":"passed"},"line":29,"name":"User navigates to login page","match":{"location":"StepDefination.Login.user_navigates_to_login_page()"},"keyword":"Given "},{"result":{"duration":473731200,"status":"passed"},"line":30,"name":"User enters valid email address \"amotooricap9@gmail.com\" into email field","match":{"arguments":[{"val":"\"amotooricap9@gmail.com\"","offset":32}],"location":"StepDefination.Login.user_enters_valid_email_address_into_email_field(java.lang.String)"},"keyword":"When "},{"result":{"duration":281248200,"status":"passed"},"line":31,"name":"User enters invalid password \"1234567890\" into password field","match":{"arguments":[{"val":"\"1234567890\"","offset":29}],"location":"StepDefination.Login.user_enters_invalid_password_into_password_field(java.lang.String)"},"keyword":"And "},{"result":{"duration":364029200,"status":"passed"},"line":32,"name":"User clicks on Login button","match":{"location":"StepDefination.Login.user_clicks_on_login_button()"},"keyword":"And "},{"result":{"duration":83773800,"status":"passed"},"line":33,"name":"User should get a proper warning message about credentials mismatch","match":{"location":"StepDefination.Login.user_should_get_a_proper_warning_message_about_credentials_mismatch()"},"keyword":"Then "}]},{"start_timestamp":"2024-06-11T13:25:33.378Z","before":[{"result":{"duration":3409878800,"status":"passed"},"match":{"location":"Hooks.MyHooks.setup()"}}],"line":36,"name":"Login without providing any credentails","description":"","id":";login-without-providing-any-credentails","after":[{"result":{"duration":542547300,"status":"passed"},"match":{"location":"Hooks.MyHooks.teardown()"}}],"type":"scenario","keyword":"Scenario","steps":[{"result":{"duration":1326450200,"status":"passed"},"line":37,"name":"User navigates to login page","match":{"location":"StepDefination.Login.user_navigates_to_login_page()"},"keyword":"Given "},{"result":{"duration":151595500,"status":"passed"},"line":38,"name":"User dont enter email address into email field","match":{"location":"StepDefination.Login.user_dont_enter_email_address_into_email_field()"},"keyword":"When "},{"result":{"duration":128658100,"status":"passed"},"line":39,"name":"User dont enter password into password field","match":{"location":"StepDefination.Login.User_dont_enter_password_into_password_field()"},"keyword":"And "},{"result":{"duration":443809500,"status":"passed"},"line":40,"name":"User clicks on Login button","match":{"location":"StepDefination.Login.user_clicks_on_login_button()"},"keyword":"And "},{"result":{"error_message":"java.lang.AssertionError\r\n\tat org.junit.Assert.fail(Assert.java:86)\r\n\tat org.junit.Assert.assertTrue(Assert.java:41)\r\n\tat org.junit.Assert.assertTrue(Assert.java:52)\r\n\tat StepDefination.Login.user_should_get_a_proper_warning_message_about_credentials_mismatch(Login.java:99)\r\n\tat ✽.User should get a proper warning message about credentials mismatch(file:///D:/Cucumber_new_latestUpatedSeries_2023/CucumberHybridFrameworkArunMotri/CucumberBDDFrameworkArunMotri/src/test/Features/Login.feature:41)\r\n","duration":56847700,"status":"failed"},"line":41,"name":"User should get a proper warning message about credentials mismatch","match":{"location":"StepDefination.Login.user_should_get_a_proper_warning_message_about_credentials_mismatch()"},"keyword":"Then "}]}],"name":"","description":"","id":"","keyword":"Feature","uri":"file:src/test/Features/Login.feature","tags":[]},{"line":1,"elements":[{"start_timestamp":"2024-06-11T13:25:39.484Z","before":[{"result":{"duration":4469046200,"status":"passed"},"match":{"location":"Hooks.MyHooks.setup()"}}],"line":3,"name":"User creates an account only with mandatory fields","description":"","id":"registration-functionality;user-creates-an-account-only-with-mandatory-fields","after":[{"result":{"duration":585432900,"status":"passed"},"match":{"location":"Hooks.MyHooks.teardown()"}}],"type":"scenario","keyword":"Scenario","steps":[{"result":{"duration":720073300,"status":"passed"},"line":4,"name":"User navigates to Register Account page","match":{"location":"StepDefination.Register.user_navigates_to_register_account_page()"},"keyword":"Given "},{"result":{"duration":1236692100,"status":"passed"},"line":5,"name":"User enters the details into below fields","match":{"location":"StepDefination.Register.user_enters_the_details_into_below_fields(io.cucumber.datatable.DataTable)"},"rows":[{"cells":["firstName","Kiran"]},{"cells":["lastName","Motoori"]},{"cells":["email","kiran4@gmail.com"]},{"cells":["telephone","7458965896"]},{"cells":["password","Kiran@123"]}],"keyword":"When "},{"result":{"duration":134640000,"status":"passed"},"line":11,"name":"User selects Privacy Policy","match":{"location":"StepDefination.Register.user_selects_privacy_policy()"},"keyword":"And "},{"result":{"duration":794874400,"status":"passed"},"line":12,"name":"User clicks on Continue button","match":{"location":"StepDefination.Register.user_clicks_on_continue_button()"},"keyword":"And "},{"result":{"error_message":"java.lang.NullPointerException: Cannot invoke \"org.openqa.selenium.SearchContext.findElement(org.openqa.selenium.By)\" because \"this.searchContext\" is null\r\n\tat org.openqa.selenium.support.pagefactory.DefaultElementLocator.findElement(DefaultElementLocator.java:68)\r\n\tat org.openqa.selenium.support.pagefactory.internal.LocatingElementHandler.invoke(LocatingElementHandler.java:38)\r\n\tat jdk.proxy2/jdk.proxy2.$Proxy22.getText(Unknown Source)\r\n\tat Pages.AccountSuccessPage.getPageHeading(AccountSuccessPage.java:33)\r\n\tat StepDefination.Register.user_account_should_get_created_successfully(Register.java:95)\r\n\tat ✽.User account should get created successfully(file:///D:/Cucumber_new_latestUpatedSeries_2023/CucumberHybridFrameworkArunMotri/CucumberBDDFrameworkArunMotri/src/test/Features/Register.feature:13)\r\n","duration":997400,"status":"failed"},"line":13,"name":"User account should get created successfully","match":{"location":"StepDefination.Register.user_account_should_get_created_successfully()"},"keyword":"Then "}]},{"start_timestamp":"2024-06-11T13:25:47.466Z","before":[{"result":{"duration":4127956600,"status":"passed"},"match":{"location":"Hooks.MyHooks.setup()"}}],"line":15,"name":"User creates an account with all fields","description":"","id":"registration-functionality;user-creates-an-account-with-all-fields","after":[{"result":{"duration":650065200,"status":"passed"},"match":{"location":"Hooks.MyHooks.teardown()"}}],"type":"scenario","keyword":"Scenario","steps":[{"result":{"duration":714089300,"status":"passed"},"line":16,"name":"User navigates to Register Account page","match":{"location":"StepDefination.Register.user_navigates_to_register_account_page()"},"keyword":"Given "},{"result":{"duration":1594733900,"status":"passed"},"line":17,"name":"User enters the details into below fields","match":{"location":"StepDefination.Register.user_enters_the_details_into_below_fields(io.cucumber.datatable.DataTable)"},"rows":[{"cells":["firstName","Ganesh"]},{"cells":["lastName","Patil"]},{"cells":["email","ganeshpatil@gmail.com"]},{"cells":["telephone","4785965896"]},{"cells":["password","Ganesh@123"]}],"keyword":"When "},{"result":{"duration":2254555300,"status":"passed"},"line":23,"name":"User selects Yes for Newsletter","match":{"location":"StepDefination.Register.user_selects_yes_for_newsletter()"},"keyword":"And "},{"result":{"duration":112870100,"status":"passed"},"line":24,"name":"User selects Privacy Policy","match":{"location":"StepDefination.Register.user_selects_privacy_policy()"},"keyword":"And "},{"result":{"duration":707948000,"status":"passed"},"line":25,"name":"User clicks on Continue button","match":{"location":"StepDefination.Register.user_clicks_on_continue_button()"},"keyword":"And "},{"result":{"error_message":"java.lang.NullPointerException: Cannot invoke \"org.openqa.selenium.SearchContext.findElement(org.openqa.selenium.By)\" because \"this.searchContext\" is null\r\n\tat org.openqa.selenium.support.pagefactory.DefaultElementLocator.findElement(DefaultElementLocator.java:68)\r\n\tat org.openqa.selenium.support.pagefactory.internal.LocatingElementHandler.invoke(LocatingElementHandler.java:38)\r\n\tat jdk.proxy2/jdk.proxy2.$Proxy22.getText(Unknown Source)\r\n\tat Pages.AccountSuccessPage.getPageHeading(AccountSuccessPage.java:33)\r\n\tat StepDefination.Register.user_account_should_get_created_successfully(Register.java:95)\r\n\tat ✽.User account should get created successfully(file:///D:/Cucumber_new_latestUpatedSeries_2023/CucumberHybridFrameworkArunMotri/CucumberBDDFrameworkArunMotri/src/test/Features/Register.feature:26)\r\n","duration":997200,"status":"failed"},"line":26,"name":"User account should get created successfully","match":{"location":"StepDefination.Register.user_account_should_get_created_successfully()"},"keyword":"Then "}]},{"start_timestamp":"2024-06-11T13:25:57.667Z","before":[{"result":{"duration":3432708400,"status":"passed"},"match":{"location":"Hooks.MyHooks.setup()"}}],"line":28,"name":"User creates a duplicate account","description":"","id":"registration-functionality;user-creates-a-duplicate-account","after":[{"result":{"duration":2150816000,"status":"passed"},"match":{"location":"Hooks.MyHooks.teardown()"}}],"type":"scenario","keyword":"Scenario","steps":[{"result":{"duration":1482343800,"status":"passed"},"line":29,"name":"User navigates to Register Account page","match":{"location":"StepDefination.Register.user_navigates_to_register_account_page()"},"keyword":"Given "},{"result":{"duration":1496235200,"status":"passed"},"line":30,"name":"User enters the details into below fields with duplicate email","match":{"location":"StepDefination.Register.user_enters_the_details_into_below_fields_with_duplicate_email(io.cucumber.datatable.DataTable)"},"rows":[{"cells":["firstName","Kiran"]},{"cells":["lastName","Motoori"]},{"cells":["email","kiran4@gmail.com"]},{"cells":["telephone","7458965896"]},{"cells":["password","Kiran@123"]}],"keyword":"When "},{"result":{"duration":2263639300,"status":"passed"},"line":36,"name":"User selects Yes for Newsletter","match":{"location":"StepDefination.Register.user_selects_yes_for_newsletter()"},"keyword":"And "},{"result":{"duration":149745700,"status":"passed"},"line":37,"name":"User selects Privacy Policy","match":{"location":"StepDefination.Register.user_selects_privacy_policy()"},"keyword":"And "},{"result":{"duration":770557200,"status":"passed"},"line":38,"name":"User clicks on Continue button","match":{"location":"StepDefination.Register.user_clicks_on_continue_button()"},"keyword":"And "},{"result":{"error_message":"org.openqa.selenium.NoSuchElementException: no such element: Unable to locate element: {\"method\":\"xpath\",\"selector\":\"//div[contains(text(),'Warning: E-Mail Address is already registered!')]\"}\n  (Session info: chrome=125.0.6422.142)\nFor documentation on this error, please visit: https://www.selenium.dev/documentation/webdriver/troubleshooting/errors#no-such-element-exception\nBuild info: version: '4.21.0', revision: '79ed462ef4'\nSystem info: os.name: 'Windows 11', os.arch: 'amd64', os.version: '10.0', java.version: '17.0.2'\nDriver info: org.openqa.selenium.chrome.ChromeDriver\nCommand: [4d9fa5a34a53c3e213d3e3a59320f56d, findElement {value=//div[contains(text(),'Warning: E-Mail Address is already registered!')], using=xpath}]\nCapabilities {acceptInsecureCerts: false, browserName: chrome, browserVersion: 125.0.6422.142, chrome: {chromedriverVersion: 125.0.6422.141 (4b1e8393712..., userDataDir: C:\\Users\\91955\\AppData\\Loca...}, fedcm:accounts: true, goog:chromeOptions: {debuggerAddress: localhost:62697}, networkConnectionEnabled: false, pageLoadStrategy: normal, platformName: windows, proxy: Proxy(), se:cdp: ws://localhost:62697/devtoo..., se:cdpVersion: 125.0.6422.142, setWindowRect: true, strictFileInteractability: false, timeouts: {implicit: 0, pageLoad: 300000, script: 30000}, unhandledPromptBehavior: dismiss and notify, webauthn:extension:credBlob: true, webauthn:extension:largeBlob: true, webauthn:extension:minPinLength: true, webauthn:extension:prf: true, webauthn:virtualAuthenticators: true}\nSession ID: 4d9fa5a34a53c3e213d3e3a59320f56d\r\n\tat java.base/jdk.internal.reflect.NativeConstructorAccessorImpl.newInstance0(Native Method)\r\n\tat java.base/jdk.internal.reflect.NativeConstructorAccessorImpl.newInstance(NativeConstructorAccessorImpl.java:77)\r\n\tat java.base/jdk.internal.reflect.DelegatingConstructorAccessorImpl.newInstance(DelegatingConstructorAccessorImpl.java:45)\r\n\tat java.base/java.lang.reflect.Constructor.newInstanceWithCaller(Constructor.java:499)\r\n\tat java.base/java.lang.reflect.Constructor.newInstance(Constructor.java:480)\r\n\tat org.openqa.selenium.remote.ErrorCodec.decode(ErrorCodec.java:167)\r\n\tat org.openqa.selenium.remote.codec.w3c.W3CHttpResponseCodec.decode(W3CHttpResponseCodec.java:138)\r\n\tat org.openqa.selenium.remote.codec.w3c.W3CHttpResponseCodec.decode(W3CHttpResponseCodec.java:50)\r\n\tat org.openqa.selenium.remote.HttpCommandExecutor.execute(HttpCommandExecutor.java:190)\r\n\tat org.openqa.selenium.remote.service.DriverCommandExecutor.invokeExecute(DriverCommandExecutor.java:216)\r\n\tat org.openqa.selenium.remote.service.DriverCommandExecutor.execute(DriverCommandExecutor.java:174)\r\n\tat org.openqa.selenium.remote.RemoteWebDriver.execute(RemoteWebDriver.java:518)\r\n\tat org.openqa.selenium.remote.ElementLocation$ElementFinder$2.findElement(ElementLocation.java:165)\r\n\tat org.openqa.selenium.remote.ElementLocation.findElement(ElementLocation.java:59)\r\n\tat org.openqa.selenium.remote.RemoteWebDriver.findElement(RemoteWebDriver.java:355)\r\n\tat org.openqa.selenium.remote.RemoteWebDriver.findElement(RemoteWebDriver.java:349)\r\n\tat org.openqa.selenium.support.pagefactory.DefaultElementLocator.findElement(DefaultElementLocator.java:68)\r\n\tat org.openqa.selenium.support.pagefactory.internal.LocatingElementHandler.invoke(LocatingElementHandler.java:38)\r\n\tat jdk.proxy2/jdk.proxy2.$Proxy22.getText(Unknown Source)\r\n\tat Pages.RegisterPage.getWarningMessageText(RegisterPage.java:157)\r\n\tat StepDefination.Register.user_should_get_a_proper_warning_about_duplicate_email(Register.java:125)\r\n\tat ✽.User should get a proper warning about duplicate email(file:///D:/Cucumber_new_latestUpatedSeries_2023/CucumberHybridFrameworkArunMotri/CucumberBDDFrameworkArunMotri/src/test/Features/Register.feature:39)\r\n","duration":10009496900,"status":"failed"},"line":39,"name":"User should get a proper warning about duplicate email","match":{"location":"StepDefination.Register.user_should_get_a_proper_warning_about_duplicate_email()"},"keyword":"Then "}]},{"start_timestamp":"2024-06-11T13:26:19.473Z","before":[{"result":{"duration":4053503400,"status":"passed"},"match":{"location":"Hooks.MyHooks.setup()"}}],"line":41,"name":"User creates an account without filling any details","description":"","id":"registration-functionality;user-creates-an-account-without-filling-any-details","after":[{"result":{"duration":552905100,"status":"passed"},"match":{"location":"Hooks.MyHooks.teardown()"}}],"type":"scenario","keyword":"Scenario","steps":[{"result":{"duration":844739900,"status":"passed"},"line":42,"name":"User navigates to Register Account page","match":{"location":"StepDefination.Register.user_navigates_to_register_account_page()"},"keyword":"Given "},{"result":{"duration":1045203700,"status":"passed"},"line":43,"name":"User dont enter any details into fields","match":{"location":"StepDefination.Register.user_dont_enter_any_details_into_fields1()"},"keyword":"When "},{"result":{"duration":499665200,"status":"passed"},"line":44,"name":"User clicks on Continue button","match":{"location":"StepDefination.Register.user_clicks_on_continue_button()"},"keyword":"And "},{"result":{"error_message":"org.openqa.selenium.NoSuchElementException: no such element: Unable to locate element: {\"method\":\"xpath\",\"selector\":\"//div[contains(text(),'Warning: E-Mail Address is already registered!')]\"}\n  (Session info: chrome=125.0.6422.142)\nFor documentation on this error, please visit: https://www.selenium.dev/documentation/webdriver/troubleshooting/errors#no-such-element-exception\nBuild info: version: '4.21.0', revision: '79ed462ef4'\nSystem info: os.name: 'Windows 11', os.arch: 'amd64', os.version: '10.0', java.version: '17.0.2'\nDriver info: org.openqa.selenium.chrome.ChromeDriver\nCommand: [73494cacc4861b20844822059f3e8da4, findElement {value=//div[contains(text(),'Warning: E-Mail Address is already registered!')], using=xpath}]\nCapabilities {acceptInsecureCerts: false, browserName: chrome, browserVersion: 125.0.6422.142, chrome: {chromedriverVersion: 125.0.6422.141 (4b1e8393712..., userDataDir: C:\\Users\\91955\\AppData\\Loca...}, fedcm:accounts: true, goog:chromeOptions: {debuggerAddress: localhost:62732}, networkConnectionEnabled: false, pageLoadStrategy: normal, platformName: windows, proxy: Proxy(), se:cdp: ws://localhost:62732/devtoo..., se:cdpVersion: 125.0.6422.142, setWindowRect: true, strictFileInteractability: false, timeouts: {implicit: 0, pageLoad: 300000, script: 30000}, unhandledPromptBehavior: dismiss and notify, webauthn:extension:credBlob: true, webauthn:extension:largeBlob: true, webauthn:extension:minPinLength: true, webauthn:extension:prf: true, webauthn:virtualAuthenticators: true}\nSession ID: 73494cacc4861b20844822059f3e8da4\r\n\tat java.base/jdk.internal.reflect.NativeConstructorAccessorImpl.newInstance0(Native Method)\r\n\tat java.base/jdk.internal.reflect.NativeConstructorAccessorImpl.newInstance(NativeConstructorAccessorImpl.java:77)\r\n\tat java.base/jdk.internal.reflect.DelegatingConstructorAccessorImpl.newInstance(DelegatingConstructorAccessorImpl.java:45)\r\n\tat java.base/java.lang.reflect.Constructor.newInstanceWithCaller(Constructor.java:499)\r\n\tat java.base/java.lang.reflect.Constructor.newInstance(Constructor.java:480)\r\n\tat org.openqa.selenium.remote.ErrorCodec.decode(ErrorCodec.java:167)\r\n\tat org.openqa.selenium.remote.codec.w3c.W3CHttpResponseCodec.decode(W3CHttpResponseCodec.java:138)\r\n\tat org.openqa.selenium.remote.codec.w3c.W3CHttpResponseCodec.decode(W3CHttpResponseCodec.java:50)\r\n\tat org.openqa.selenium.remote.HttpCommandExecutor.execute(HttpCommandExecutor.java:190)\r\n\tat org.openqa.selenium.remote.service.DriverCommandExecutor.invokeExecute(DriverCommandExecutor.java:216)\r\n\tat org.openqa.selenium.remote.service.DriverCommandExecutor.execute(DriverCommandExecutor.java:174)\r\n\tat org.openqa.selenium.remote.RemoteWebDriver.execute(RemoteWebDriver.java:518)\r\n\tat org.openqa.selenium.remote.ElementLocation$ElementFinder$2.findElement(ElementLocation.java:165)\r\n\tat org.openqa.selenium.remote.ElementLocation.findElement(ElementLocation.java:59)\r\n\tat org.openqa.selenium.remote.RemoteWebDriver.findElement(RemoteWebDriver.java:355)\r\n\tat org.openqa.selenium.remote.RemoteWebDriver.findElement(RemoteWebDriver.java:349)\r\n\tat org.openqa.selenium.support.pagefactory.DefaultElementLocator.findElement(DefaultElementLocator.java:68)\r\n\tat org.openqa.selenium.support.pagefactory.internal.LocatingElementHandler.invoke(LocatingElementHandler.java:38)\r\n\tat jdk.proxy2/jdk.proxy2.$Proxy22.getText(Unknown Source)\r\n\tat Pages.RegisterPage.getWarningMessageText(RegisterPage.java:157)\r\n\tat StepDefination.Register.user_should_get_proper_warning_messages_for_every_mandatory_field1(Register.java:149)\r\n\tat ✽.User should get proper warning messages for every mandatory field(file:///D:/Cucumber_new_latestUpatedSeries_2023/CucumberHybridFrameworkArunMotri/CucumberBDDFrameworkArunMotri/src/test/Features/Register.feature:45)\r\n","duration":10032680000,"status":"failed"},"line":45,"name":"User should get proper warning messages for every mandatory field","match":{"location":"StepDefination.Register.user_should_get_proper_warning_messages_for_every_mandatory_field1()"},"keyword":"Then "}]}],"name":"Registration functionality","description":"","id":"registration-functionality","keyword":"Feature","uri":"file:src/test/Features/Register.feature","tags":[]},{"line":1,"elements":[{"start_timestamp":"2024-06-11T13:26:36.525Z","before":[{"result":{"duration":3245157600,"status":"passed"},"match":{"location":"Hooks.MyHooks.setup()"}}],"line":3,"name":"User searches for a valid product","description":"","id":"search-functionality;user-searches-for-a-valid-product","after":[{"result":{"duration":2168912100,"status":"passed"},"match":{"location":"Hooks.MyHooks.teardown()"}}],"type":"scenario","keyword":"Scenario","steps":[{"result":{"duration":2001200,"status":"passed"},"line":4,"name":"User opens the Application","match":{"location":"StepDefination.Search.user_opens_the_application()"},"keyword":"Given "},{"result":{"duration":1078730700,"status":"passed"},"line":5,"name":"User enters valid product \"HP\" into Search box field","match":{"arguments":[{"val":"\"HP\"","offset":26}],"location":"StepDefination.Search.user_enters_valid_product_into_search_box_field(java.lang.String)"},"keyword":"When "},{"result":{"duration":374437600,"status":"passed"},"line":6,"name":"User clicks on Search button","match":{"location":"StepDefination.Search.user_clicks_on_search_button()"},"keyword":"And "},{"result":{"error_message":"org.openqa.selenium.NoSuchElementException: no such element: Unable to locate element: {\"method\":\"link text\",\"selector\":\"HP LP3065\"}\n  (Session info: chrome=125.0.6422.142)\nFor documentation on this error, please visit: https://www.selenium.dev/documentation/webdriver/troubleshooting/errors#no-such-element-exception\nBuild info: version: '4.21.0', revision: '79ed462ef4'\nSystem info: os.name: 'Windows 11', os.arch: 'amd64', os.version: '10.0', java.version: '17.0.2'\nDriver info: org.openqa.selenium.chrome.ChromeDriver\nCommand: [f2ee46fc1c6a10d0597f343f3e72909d, findElement {value=HP LP3065, using=link text}]\nCapabilities {acceptInsecureCerts: false, browserName: chrome, browserVersion: 125.0.6422.142, chrome: {chromedriverVersion: 125.0.6422.141 (4b1e8393712..., userDataDir: C:\\Users\\91955\\AppData\\Loca...}, fedcm:accounts: true, goog:chromeOptions: {debuggerAddress: localhost:62763}, networkConnectionEnabled: false, pageLoadStrategy: normal, platformName: windows, proxy: Proxy(), se:cdp: ws://localhost:62763/devtoo..., se:cdpVersion: 125.0.6422.142, setWindowRect: true, strictFileInteractability: false, timeouts: {implicit: 0, pageLoad: 300000, script: 30000}, unhandledPromptBehavior: dismiss and notify, webauthn:extension:credBlob: true, webauthn:extension:largeBlob: true, webauthn:extension:minPinLength: true, webauthn:extension:prf: true, webauthn:virtualAuthenticators: true}\nSession ID: f2ee46fc1c6a10d0597f343f3e72909d\r\n\tat java.base/jdk.internal.reflect.NativeConstructorAccessorImpl.newInstance0(Native Method)\r\n\tat java.base/jdk.internal.reflect.NativeConstructorAccessorImpl.newInstance(NativeConstructorAccessorImpl.java:77)\r\n\tat java.base/jdk.internal.reflect.DelegatingConstructorAccessorImpl.newInstance(DelegatingConstructorAccessorImpl.java:45)\r\n\tat java.base/java.lang.reflect.Constructor.newInstanceWithCaller(Constructor.java:499)\r\n\tat java.base/java.lang.reflect.Constructor.newInstance(Constructor.java:480)\r\n\tat org.openqa.selenium.remote.ErrorCodec.decode(ErrorCodec.java:167)\r\n\tat org.openqa.selenium.remote.codec.w3c.W3CHttpResponseCodec.decode(W3CHttpResponseCodec.java:138)\r\n\tat org.openqa.selenium.remote.codec.w3c.W3CHttpResponseCodec.decode(W3CHttpResponseCodec.java:50)\r\n\tat org.openqa.selenium.remote.HttpCommandExecutor.execute(HttpCommandExecutor.java:190)\r\n\tat org.openqa.selenium.remote.service.DriverCommandExecutor.invokeExecute(DriverCommandExecutor.java:216)\r\n\tat org.openqa.selenium.remote.service.DriverCommandExecutor.execute(DriverCommandExecutor.java:174)\r\n\tat org.openqa.selenium.remote.RemoteWebDriver.execute(RemoteWebDriver.java:518)\r\n\tat org.openqa.selenium.remote.ElementLocation$ElementFinder$2.findElement(ElementLocation.java:165)\r\n\tat org.openqa.selenium.remote.ElementLocation.findElement(ElementLocation.java:59)\r\n\tat org.openqa.selenium.remote.RemoteWebDriver.findElement(RemoteWebDriver.java:355)\r\n\tat org.openqa.selenium.remote.RemoteWebDriver.findElement(RemoteWebDriver.java:349)\r\n\tat org.openqa.selenium.support.pagefactory.DefaultElementLocator.findElement(DefaultElementLocator.java:68)\r\n\tat org.openqa.selenium.support.pagefactory.internal.LocatingElementHandler.invoke(LocatingElementHandler.java:38)\r\n\tat jdk.proxy2/jdk.proxy2.$Proxy22.isDisplayed(Unknown Source)\r\n\tat Pages.SearchResultPage.displaystatusoftheValidProduct(SearchResultPage.java:39)\r\n\tat StepDefination.Search.user_should_get_valid_product_displayed_in_search_results(Search.java:54)\r\n\tat ✽.User should get valid product displayed in search results(file:///D:/Cucumber_new_latestUpatedSeries_2023/CucumberHybridFrameworkArunMotri/CucumberBDDFrameworkArunMotri/src/test/Features/Search.feature:7)\r\n","duration":10124560600,"status":"failed"},"line":7,"name":"User should get valid product displayed in search results","match":{"location":"StepDefination.Search.user_should_get_valid_product_displayed_in_search_results()"},"keyword":"Then "}]},{"start_timestamp":"2024-06-11T13:26:53.539Z","before":[{"result":{"duration":3830156300,"status":"passed"},"match":{"location":"Hooks.MyHooks.setup()"}}],"line":9,"name":"User searches for an invalid product","description":"","id":"search-functionality;user-searches-for-an-invalid-product","after":[{"result":{"duration":662224900,"status":"passed"},"match":{"location":"Hooks.MyHooks.teardown()"}}],"type":"scenario","keyword":"Scenario","steps":[{"result":{"status":"passed"},"line":10,"name":"User opens the Application","match":{"location":"StepDefination.Search.user_opens_the_application()"},"keyword":"Given "},{"result":{"duration":224480500,"status":"passed"},"line":11,"name":"User enters invalid product \"Honda\" into Search box field","match":{"arguments":[{"val":"\"Honda\"","offset":28}],"location":"StepDefination.Search.user_enters_invalid_product_into_search_box_field(java.lang.String)"},"keyword":"When "},{"result":{"duration":384970700,"status":"passed"},"line":12,"name":"User clicks on Search button","match":{"location":"StepDefination.Search.user_clicks_on_search_button()"},"keyword":"And "},{"result":{"duration":57847100,"status":"passed"},"line":13,"name":"User should get a message about no product matching","match":{"location":"StepDefination.Search.user_should_get_a_message_about_no_product_matching()"},"keyword":"Then "}]},{"start_timestamp":"2024-06-11T13:26:58.725Z","before":[{"result":{"duration":5959956700,"status":"passed"},"match":{"location":"Hooks.MyHooks.setup()"}}],"line":15,"name":"User searches without any product","description":"","id":"search-functionality;user-searches-without-any-product","after":[{"result":{"duration":967411000,"status":"passed"},"match":{"location":"Hooks.MyHooks.teardown()"}}],"type":"scenario","keyword":"Scenario","steps":[{"result":{"status":"passed"},"line":16,"name":"User opens the Application","match":{"location":"StepDefination.Search.user_opens_the_application()"},"keyword":"Given "},{"result":{"duration":996100,"status":"passed"},"line":17,"name":"User dont enter any product name into Search box field","match":{"location":"StepDefination.Search.user_dont_enter_any_product_name_into_search_box_field()"},"keyword":"When "},{"result":{"duration":840751300,"status":"passed"},"line":18,"name":"User clicks on Search button","match":{"location":"StepDefination.Search.user_clicks_on_search_button()"},"keyword":"And "},{"result":{"duration":239359100,"status":"passed"},"line":19,"name":"User should get a message about no product matching","match":{"location":"StepDefination.Search.user_should_get_a_message_about_no_product_matching()"},"keyword":"Then "}]}],"name":"Search functionality","description":"","id":"search-functionality","keyword":"Feature","uri":"file:src/test/Features/Search.feature","tags":[]}]